2024-08-29 13:22:11,041 DEBUG    root            Loaded Command Group: ['gcloud', 'components']
2024-08-29 13:22:11,043 DEBUG    root            Loaded Command Group: ['gcloud', 'components', 'update']
2024-08-29 13:22:11,046 DEBUG    root            Running [gcloud.components.update] with arguments: [--quiet: "True", COMPONENT-IDS:8: "['gcloud', 'core', 'bq', 'gsutil', 'compute', 'preview', 'alpha', 'beta']"]
2024-08-29 13:22:11,047 INFO     ___FILE_ONLY___ Beginning update. This process may take several minutes.

2024-08-29 13:22:11,058 DEBUG    urllib3.connectionpool Starting new HTTPS connection (1): dl.google.com:443
2024-08-29 13:22:11,129 DEBUG    urllib3.connectionpool https://dl.google.com:443 "GET /dl/cloudsdk/channels/rapid/components-2.json HTTP/1.1" 200 229029
2024-08-29 13:22:11,145 WARNING  root            Component [compute] no longer exists.
2024-08-29 13:22:11,146 WARNING  root            Component [preview] no longer exists.
2024-08-29 13:22:11,147 INFO     ___FILE_ONLY___ 

2024-08-29 13:22:11,147 INFO     ___FILE_ONLY___ 
Your current Google Cloud CLI version is: 490.0.0

2024-08-29 13:22:11,147 INFO     ___FILE_ONLY___ Installing components from version: 490.0.0

2024-08-29 13:22:11,148 INFO     ___FILE_ONLY___ 

2024-08-29 13:22:11,148 DEBUG    root            Chosen display Format:table[box,title="These components will be removed."](details.display_name:label=Name:align=left,version.version_string:label=Version:align=right,data.size.size(zero="",min=1048576):label=Size:align=right)
2024-08-29 13:22:11,149 DEBUG    root            Chosen display Format:table[box,title="These components will be updated."](details.display_name:label=Name:align=left,version.version_string:label=Version:align=right,data.size.size(zero="",min=1048576):label=Size:align=right)
2024-08-29 13:22:11,149 DEBUG    root            Chosen display Format:table[box,title="These components will be installed."](details.display_name:label=Name:align=left,version.version_string:label=Version:align=right,data.size.size(zero="",min=1048576):label=Size:align=right)
2024-08-29 13:22:11,167 INFO     ___FILE_ONLY___ ┌──────────────────────────────────────────────┐
2024-08-29 13:22:11,167 INFO     ___FILE_ONLY___ 

2024-08-29 13:22:11,167 INFO     ___FILE_ONLY___ │     These components will be installed.      │
2024-08-29 13:22:11,167 INFO     ___FILE_ONLY___ 

2024-08-29 13:22:11,167 INFO     ___FILE_ONLY___ ├───────────────────────┬────────────┬─────────┤
2024-08-29 13:22:11,167 INFO     ___FILE_ONLY___ 

2024-08-29 13:22:11,167 INFO     ___FILE_ONLY___ │          Name         │  Version   │   Size  │
2024-08-29 13:22:11,168 INFO     ___FILE_ONLY___ 

2024-08-29 13:22:11,168 INFO     ___FILE_ONLY___ ├───────────────────────┼────────────┼─────────┤
2024-08-29 13:22:11,168 INFO     ___FILE_ONLY___ 

2024-08-29 13:22:11,168 INFO     ___FILE_ONLY___ │ 
2024-08-29 13:22:11,168 INFO     ___FILE_ONLY___ gcloud Alpha Commands
2024-08-29 13:22:11,168 INFO     ___FILE_ONLY___  
2024-08-29 13:22:11,168 INFO     ___FILE_ONLY___ │ 
2024-08-29 13:22:11,168 INFO     ___FILE_ONLY___ 2024.08.23
2024-08-29 13:22:11,168 INFO     ___FILE_ONLY___  
2024-08-29 13:22:11,168 INFO     ___FILE_ONLY___ │ 
2024-08-29 13:22:11,169 INFO     ___FILE_ONLY___ < 1 MiB
2024-08-29 13:22:11,169 INFO     ___FILE_ONLY___  
2024-08-29 13:22:11,169 INFO     ___FILE_ONLY___ │
2024-08-29 13:22:11,169 INFO     ___FILE_ONLY___ 

2024-08-29 13:22:11,169 INFO     ___FILE_ONLY___ │ 
2024-08-29 13:22:11,169 INFO     ___FILE_ONLY___ gcloud Beta Commands 
2024-08-29 13:22:11,169 INFO     ___FILE_ONLY___  
2024-08-29 13:22:11,169 INFO     ___FILE_ONLY___ │ 
2024-08-29 13:22:11,169 INFO     ___FILE_ONLY___ 2024.08.23
2024-08-29 13:22:11,169 INFO     ___FILE_ONLY___  
2024-08-29 13:22:11,169 INFO     ___FILE_ONLY___ │ 
2024-08-29 13:22:11,169 INFO     ___FILE_ONLY___ < 1 MiB
2024-08-29 13:22:11,170 INFO     ___FILE_ONLY___  
2024-08-29 13:22:11,170 INFO     ___FILE_ONLY___ │
2024-08-29 13:22:11,170 INFO     ___FILE_ONLY___ 

2024-08-29 13:22:11,170 INFO     ___FILE_ONLY___ └───────────────────────┴────────────┴─────────┘
2024-08-29 13:22:11,170 INFO     ___FILE_ONLY___ 

2024-08-29 13:22:11,170 INFO     ___FILE_ONLY___ 

2024-08-29 13:22:11,174 DEBUG    urllib3.connectionpool Starting new HTTPS connection (1): dl.google.com:443
2024-08-29 13:22:11,236 DEBUG    urllib3.connectionpool https://dl.google.com:443 "GET /dl/cloudsdk/channels/rapid/RELEASE_NOTES HTTP/1.1" 200 1262868
2024-08-29 13:22:11,271 INFO     ___FILE_ONLY___ For the latest full release notes, please visit:
  https://cloud.google.com/sdk/release_notes


2024-08-29 13:22:11,272 INFO     ___FILE_ONLY___ Performing in place update...


2024-08-29 13:22:11,274 INFO     ___FILE_ONLY___ ╔════════════════════════════════════════════════════════════╗

2024-08-29 13:22:11,274 INFO     ___FILE_ONLY___ ╠═ Downloading: gcloud Alpha Commands                       ═╣

2024-08-29 13:22:11,274 INFO     ___FILE_ONLY___ ╚
2024-08-29 13:22:11,277 DEBUG    urllib3.connectionpool Starting new HTTPS connection (1): dl.google.com:443
2024-08-29 13:22:11,344 DEBUG    urllib3.connectionpool https://dl.google.com:443 "GET /dl/cloudsdk/channels/rapid/components/google-cloud-sdk-alpha-20240823153932.tar.gz HTTP/1.1" 200 800
2024-08-29 13:22:11,345 INFO     ___FILE_ONLY___ ════════════════════════════════════════════════════════════
2024-08-29 13:22:11,345 INFO     ___FILE_ONLY___ ╝

2024-08-29 13:22:11,347 INFO     ___FILE_ONLY___ ╔════════════════════════════════════════════════════════════╗

2024-08-29 13:22:11,348 INFO     ___FILE_ONLY___ ╠═ Downloading: gcloud Beta Commands                        ═╣

2024-08-29 13:22:11,348 INFO     ___FILE_ONLY___ ╚
2024-08-29 13:22:11,351 DEBUG    urllib3.connectionpool Starting new HTTPS connection (1): dl.google.com:443
2024-08-29 13:22:11,411 DEBUG    urllib3.connectionpool https://dl.google.com:443 "GET /dl/cloudsdk/channels/rapid/components/google-cloud-sdk-beta-20240823153932.tar.gz HTTP/1.1" 200 797
2024-08-29 13:22:11,412 INFO     ___FILE_ONLY___ ════════════════════════════════════════════════════════════
2024-08-29 13:22:11,412 INFO     ___FILE_ONLY___ ╝

2024-08-29 13:22:11,414 INFO     ___FILE_ONLY___ ╔════════════════════════════════════════════════════════════╗

2024-08-29 13:22:11,414 INFO     ___FILE_ONLY___ ╠═ Installing: gcloud Alpha Commands                        ═╣

2024-08-29 13:22:11,414 INFO     ___FILE_ONLY___ ╚
2024-08-29 13:22:11,416 INFO     ___FILE_ONLY___ ════════════════════════════════════════════════════════════
2024-08-29 13:22:11,416 INFO     ___FILE_ONLY___ ╝

2024-08-29 13:22:11,424 INFO     ___FILE_ONLY___ ╔════════════════════════════════════════════════════════════╗

2024-08-29 13:22:11,424 INFO     ___FILE_ONLY___ ╠═ Installing: gcloud Beta Commands                         ═╣

2024-08-29 13:22:11,424 INFO     ___FILE_ONLY___ ╚
2024-08-29 13:22:11,425 INFO     ___FILE_ONLY___ ════════════════════════════════════════════════════════════
2024-08-29 13:22:11,425 INFO     ___FILE_ONLY___ ╝

2024-08-29 13:22:11,434 DEBUG    root            Updating notification cache...
2024-08-29 13:22:11,435 INFO     ___FILE_ONLY___ 

2024-08-29 13:22:11,437 INFO     ___FILE_ONLY___ Performing post processing steps...
2024-08-29 13:22:11,438 DEBUG    root            Executing command: ['/tools/google-cloud-sdk/bin/gcloud', 'components', 'post-process']
2024-08-29 13:22:22,199 DEBUG    ___FILE_ONLY___ 
2024-08-29 13:22:22,199 DEBUG    ___FILE_ONLY___ 
2024-08-29 13:22:22,215 INFO     ___FILE_ONLY___ 
Update done!


2024-08-29 13:22:22,219 DEBUG    root            Chosen display Format:none
2024-08-29 13:22:22,219 INFO     root            Display format: "none"
