2024-08-29 13:21:52,124 DEBUG    root            Loaded Command Group: ['gcloud', 'components']
2024-08-29 13:21:52,128 DEBUG    root            Loaded Command Group: ['gcloud', 'components', 'update']
2024-08-29 13:21:52,130 DEBUG    root            Running [gcloud.components.update] with arguments: [--allow-no-backup: "True", --compile-python: "True", --quiet: "True", COMPONENT-IDS:6: "['core', 'gcloud-deps', 'bq', 'gcloud', 'gcloud-crc32c', 'gsutil']"]
2024-08-29 13:21:52,131 INFO     ___FILE_ONLY___ Beginning update. This process may take several minutes.

2024-08-29 13:21:52,166 DEBUG    urllib3.connectionpool Starting new HTTPS connection (1): dl.google.com:443
2024-08-29 13:21:52,235 DEBUG    urllib3.connectionpool https://dl.google.com:443 "GET /dl/cloudsdk/channels/rapid/components-2.json HTTP/1.1" 200 229029
2024-08-29 13:21:52,251 INFO     ___FILE_ONLY___ 

2024-08-29 13:21:52,251 INFO     ___FILE_ONLY___ 
Your current Google Cloud CLI version is: 490.0.0

2024-08-29 13:21:52,251 INFO     ___FILE_ONLY___ Installing components from version: 490.0.0

2024-08-29 13:21:52,251 INFO     ___FILE_ONLY___ 

2024-08-29 13:21:52,252 DEBUG    root            Chosen display Format:table[box,title="These components will be removed."](details.display_name:label=Name:align=left,version.version_string:label=Version:align=right,data.size.size(zero="",min=1048576):label=Size:align=right)
2024-08-29 13:21:52,252 DEBUG    root            Chosen display Format:table[box,title="These components will be updated."](details.display_name:label=Name:align=left,version.version_string:label=Version:align=right,data.size.size(zero="",min=1048576):label=Size:align=right)
2024-08-29 13:21:52,253 DEBUG    root            Chosen display Format:table[box,title="These components will be installed."](details.display_name:label=Name:align=left,version.version_string:label=Version:align=right,data.size.size(zero="",min=1048576):label=Size:align=right)
2024-08-29 13:21:52,297 INFO     ___FILE_ONLY___ ┌─────────────────────────────────────────────────────────────────────────────┐
2024-08-29 13:21:52,298 INFO     ___FILE_ONLY___ 

2024-08-29 13:21:52,298 INFO     ___FILE_ONLY___ │                     These components will be installed.                     │
2024-08-29 13:21:52,298 INFO     ___FILE_ONLY___ 

2024-08-29 13:21:52,298 INFO     ___FILE_ONLY___ ├─────────────────────────────────────────────────────┬────────────┬──────────┤
2024-08-29 13:21:52,298 INFO     ___FILE_ONLY___ 

2024-08-29 13:21:52,298 INFO     ___FILE_ONLY___ │                         Name                        │  Version   │   Size   │
2024-08-29 13:21:52,298 INFO     ___FILE_ONLY___ 

2024-08-29 13:21:52,298 INFO     ___FILE_ONLY___ ├─────────────────────────────────────────────────────┼────────────┼──────────┤
2024-08-29 13:21:52,298 INFO     ___FILE_ONLY___ 

2024-08-29 13:21:52,298 INFO     ___FILE_ONLY___ │ 
2024-08-29 13:21:52,299 INFO     ___FILE_ONLY___ BigQuery Command Line Tool                         
2024-08-29 13:21:52,299 INFO     ___FILE_ONLY___  
2024-08-29 13:21:52,299 INFO     ___FILE_ONLY___ │ 
2024-08-29 13:21:52,299 INFO     ___FILE_ONLY___      2.1.8
2024-08-29 13:21:52,299 INFO     ___FILE_ONLY___  
2024-08-29 13:21:52,299 INFO     ___FILE_ONLY___ │ 
2024-08-29 13:21:52,299 INFO     ___FILE_ONLY___  1.7 MiB
2024-08-29 13:21:52,299 INFO     ___FILE_ONLY___  
2024-08-29 13:21:52,299 INFO     ___FILE_ONLY___ │
2024-08-29 13:21:52,299 INFO     ___FILE_ONLY___ 

2024-08-29 13:21:52,300 INFO     ___FILE_ONLY___ │ 
2024-08-29 13:21:52,300 INFO     ___FILE_ONLY___ BigQuery Command Line Tool (Platform Specific)     
2024-08-29 13:21:52,300 INFO     ___FILE_ONLY___  
2024-08-29 13:21:52,300 INFO     ___FILE_ONLY___ │ 
2024-08-29 13:21:52,300 INFO     ___FILE_ONLY___    2.0.101
2024-08-29 13:21:52,300 INFO     ___FILE_ONLY___  
2024-08-29 13:21:52,300 INFO     ___FILE_ONLY___ │ 
2024-08-29 13:21:52,300 INFO     ___FILE_ONLY___  < 1 MiB
2024-08-29 13:21:52,300 INFO     ___FILE_ONLY___  
2024-08-29 13:21:52,300 INFO     ___FILE_ONLY___ │
2024-08-29 13:21:52,300 INFO     ___FILE_ONLY___ 

2024-08-29 13:21:52,301 INFO     ___FILE_ONLY___ │ 
2024-08-29 13:21:52,301 INFO     ___FILE_ONLY___ Bundled Python 3.11 (Platform Specific)            
2024-08-29 13:21:52,301 INFO     ___FILE_ONLY___  
2024-08-29 13:21:52,301 INFO     ___FILE_ONLY___ │ 
2024-08-29 13:21:52,301 INFO     ___FILE_ONLY___     3.11.9
2024-08-29 13:21:52,301 INFO     ___FILE_ONLY___  
2024-08-29 13:21:52,301 INFO     ___FILE_ONLY___ │ 
2024-08-29 13:21:52,301 INFO     ___FILE_ONLY___ 74.2 MiB
2024-08-29 13:21:52,301 INFO     ___FILE_ONLY___  
2024-08-29 13:21:52,301 INFO     ___FILE_ONLY___ │
2024-08-29 13:21:52,301 INFO     ___FILE_ONLY___ 

2024-08-29 13:21:52,302 INFO     ___FILE_ONLY___ │ 
2024-08-29 13:21:52,302 INFO     ___FILE_ONLY___ Cloud Storage Command Line Tool                    
2024-08-29 13:21:52,302 INFO     ___FILE_ONLY___  
2024-08-29 13:21:52,302 INFO     ___FILE_ONLY___ │ 
2024-08-29 13:21:52,302 INFO     ___FILE_ONLY___       5.30
2024-08-29 13:21:52,302 INFO     ___FILE_ONLY___  
2024-08-29 13:21:52,302 INFO     ___FILE_ONLY___ │ 
2024-08-29 13:21:52,302 INFO     ___FILE_ONLY___ 11.3 MiB
2024-08-29 13:21:52,302 INFO     ___FILE_ONLY___  
2024-08-29 13:21:52,302 INFO     ___FILE_ONLY___ │
2024-08-29 13:21:52,302 INFO     ___FILE_ONLY___ 

2024-08-29 13:21:52,303 INFO     ___FILE_ONLY___ │ 
2024-08-29 13:21:52,303 INFO     ___FILE_ONLY___ Cloud Storage Command Line Tool (Platform Specific)
2024-08-29 13:21:52,303 INFO     ___FILE_ONLY___  
2024-08-29 13:21:52,303 INFO     ___FILE_ONLY___ │ 
2024-08-29 13:21:52,303 INFO     ___FILE_ONLY___       5.27
2024-08-29 13:21:52,303 INFO     ___FILE_ONLY___  
2024-08-29 13:21:52,303 INFO     ___FILE_ONLY___ │ 
2024-08-29 13:21:52,303 INFO     ___FILE_ONLY___  < 1 MiB
2024-08-29 13:21:52,303 INFO     ___FILE_ONLY___  
2024-08-29 13:21:52,303 INFO     ___FILE_ONLY___ │
2024-08-29 13:21:52,303 INFO     ___FILE_ONLY___ 

2024-08-29 13:21:52,304 INFO     ___FILE_ONLY___ │ 
2024-08-29 13:21:52,304 INFO     ___FILE_ONLY___ Google Cloud CLI Core Libraries (Platform Specific)
2024-08-29 13:21:52,304 INFO     ___FILE_ONLY___  
2024-08-29 13:21:52,304 INFO     ___FILE_ONLY___ │ 
2024-08-29 13:21:52,304 INFO     ___FILE_ONLY___ 2024.01.06
2024-08-29 13:21:52,304 INFO     ___FILE_ONLY___  
2024-08-29 13:21:52,304 INFO     ___FILE_ONLY___ │ 
2024-08-29 13:21:52,304 INFO     ___FILE_ONLY___  < 1 MiB
2024-08-29 13:21:52,304 INFO     ___FILE_ONLY___  
2024-08-29 13:21:52,304 INFO     ___FILE_ONLY___ │
2024-08-29 13:21:52,304 INFO     ___FILE_ONLY___ 

2024-08-29 13:21:52,304 INFO     ___FILE_ONLY___ │ 
2024-08-29 13:21:52,305 INFO     ___FILE_ONLY___ Google Cloud CRC32C Hash Tool (Platform Specific)  
2024-08-29 13:21:52,305 INFO     ___FILE_ONLY___  
2024-08-29 13:21:52,305 INFO     ___FILE_ONLY___ │ 
2024-08-29 13:21:52,305 INFO     ___FILE_ONLY___      1.0.0
2024-08-29 13:21:52,305 INFO     ___FILE_ONLY___  
2024-08-29 13:21:52,305 INFO     ___FILE_ONLY___ │ 
2024-08-29 13:21:52,305 INFO     ___FILE_ONLY___  1.3 MiB
2024-08-29 13:21:52,305 INFO     ___FILE_ONLY___  
2024-08-29 13:21:52,305 INFO     ___FILE_ONLY___ │
2024-08-29 13:21:52,305 INFO     ___FILE_ONLY___ 

2024-08-29 13:21:52,305 INFO     ___FILE_ONLY___ │ 
2024-08-29 13:21:52,306 INFO     ___FILE_ONLY___ gcloud cli dependencies (Platform Specific)        
2024-08-29 13:21:52,306 INFO     ___FILE_ONLY___  
2024-08-29 13:21:52,306 INFO     ___FILE_ONLY___ │ 
2024-08-29 13:21:52,306 INFO     ___FILE_ONLY___ 2021.04.16
2024-08-29 13:21:52,306 INFO     ___FILE_ONLY___  
2024-08-29 13:21:52,306 INFO     ___FILE_ONLY___ │ 
2024-08-29 13:21:52,306 INFO     ___FILE_ONLY___  < 1 MiB
2024-08-29 13:21:52,306 INFO     ___FILE_ONLY___  
2024-08-29 13:21:52,306 INFO     ___FILE_ONLY___ │
2024-08-29 13:21:52,306 INFO     ___FILE_ONLY___ 

2024-08-29 13:21:52,307 INFO     ___FILE_ONLY___ └─────────────────────────────────────────────────────┴────────────┴──────────┘
2024-08-29 13:21:52,307 INFO     ___FILE_ONLY___ 

2024-08-29 13:21:52,307 INFO     ___FILE_ONLY___ 

2024-08-29 13:21:52,310 DEBUG    urllib3.connectionpool Starting new HTTPS connection (1): dl.google.com:443
2024-08-29 13:21:52,377 DEBUG    urllib3.connectionpool https://dl.google.com:443 "GET /dl/cloudsdk/channels/rapid/RELEASE_NOTES HTTP/1.1" 200 1262868
2024-08-29 13:21:52,409 INFO     ___FILE_ONLY___ For the latest full release notes, please visit:
  https://cloud.google.com/sdk/release_notes


2024-08-29 13:21:52,410 INFO     ___FILE_ONLY___ Performing in place update...


2024-08-29 13:21:52,412 INFO     ___FILE_ONLY___ ╔════════════════════════════════════════════════════════════╗

2024-08-29 13:21:52,412 INFO     ___FILE_ONLY___ ╠═ Downloading: BigQuery Command Line Tool                  ═╣

2024-08-29 13:21:52,412 INFO     ___FILE_ONLY___ ╚
2024-08-29 13:21:52,415 DEBUG    urllib3.connectionpool Starting new HTTPS connection (1): dl.google.com:443
2024-08-29 13:21:52,476 DEBUG    urllib3.connectionpool https://dl.google.com:443 "GET /dl/cloudsdk/channels/rapid/components/google-cloud-sdk-bq-20240816183020.tar.gz HTTP/1.1" 200 1818208
2024-08-29 13:21:52,487 INFO     ___FILE_ONLY___ ═
2024-08-29 13:21:52,488 INFO     ___FILE_ONLY___ ═
2024-08-29 13:21:52,488 INFO     ___FILE_ONLY___ ═
2024-08-29 13:21:52,488 INFO     ___FILE_ONLY___ ═
2024-08-29 13:21:52,488 INFO     ___FILE_ONLY___ ═
2024-08-29 13:21:52,488 INFO     ___FILE_ONLY___ ═
2024-08-29 13:21:52,488 INFO     ___FILE_ONLY___ ═
2024-08-29 13:21:52,488 INFO     ___FILE_ONLY___ ═
2024-08-29 13:21:52,488 INFO     ___FILE_ONLY___ ═
2024-08-29 13:21:52,488 INFO     ___FILE_ONLY___ ═
2024-08-29 13:21:52,489 INFO     ___FILE_ONLY___ ═
2024-08-29 13:21:52,489 INFO     ___FILE_ONLY___ ═
2024-08-29 13:21:52,489 INFO     ___FILE_ONLY___ ═
2024-08-29 13:21:52,489 INFO     ___FILE_ONLY___ ═
2024-08-29 13:21:52,489 INFO     ___FILE_ONLY___ ═
2024-08-29 13:21:52,489 INFO     ___FILE_ONLY___ ═
2024-08-29 13:21:52,489 INFO     ___FILE_ONLY___ ═
2024-08-29 13:21:52,489 INFO     ___FILE_ONLY___ ═
2024-08-29 13:21:52,489 INFO     ___FILE_ONLY___ ═
2024-08-29 13:21:52,489 INFO     ___FILE_ONLY___ ═
2024-08-29 13:21:52,490 INFO     ___FILE_ONLY___ ═
2024-08-29 13:21:52,490 INFO     ___FILE_ONLY___ ═
2024-08-29 13:21:52,490 INFO     ___FILE_ONLY___ ═
2024-08-29 13:21:52,490 INFO     ___FILE_ONLY___ ═
2024-08-29 13:21:52,490 INFO     ___FILE_ONLY___ ═
2024-08-29 13:21:52,490 INFO     ___FILE_ONLY___ ═
2024-08-29 13:21:52,490 INFO     ___FILE_ONLY___ ═
2024-08-29 13:21:52,490 INFO     ___FILE_ONLY___ ═
2024-08-29 13:21:52,490 INFO     ___FILE_ONLY___ ═
2024-08-29 13:21:52,491 INFO     ___FILE_ONLY___ ═
2024-08-29 13:21:52,491 INFO     ___FILE_ONLY___ ═
2024-08-29 13:21:52,491 INFO     ___FILE_ONLY___ ═
2024-08-29 13:21:52,491 INFO     ___FILE_ONLY___ ═
2024-08-29 13:21:52,491 INFO     ___FILE_ONLY___ ═
2024-08-29 13:21:52,491 INFO     ___FILE_ONLY___ ═
2024-08-29 13:21:52,491 INFO     ___FILE_ONLY___ ═
2024-08-29 13:21:52,491 INFO     ___FILE_ONLY___ ═
2024-08-29 13:21:52,491 INFO     ___FILE_ONLY___ ═
2024-08-29 13:21:52,491 INFO     ___FILE_ONLY___ ═
2024-08-29 13:21:52,492 INFO     ___FILE_ONLY___ ═
2024-08-29 13:21:52,492 INFO     ___FILE_ONLY___ ═
2024-08-29 13:21:52,492 INFO     ___FILE_ONLY___ ═
2024-08-29 13:21:52,492 INFO     ___FILE_ONLY___ ═
2024-08-29 13:21:52,492 INFO     ___FILE_ONLY___ ═
2024-08-29 13:21:52,492 INFO     ___FILE_ONLY___ ═
2024-08-29 13:21:52,492 INFO     ___FILE_ONLY___ ═
2024-08-29 13:21:52,492 INFO     ___FILE_ONLY___ ═
2024-08-29 13:21:52,492 INFO     ___FILE_ONLY___ ═
2024-08-29 13:21:52,492 INFO     ___FILE_ONLY___ ═
2024-08-29 13:21:52,493 INFO     ___FILE_ONLY___ ═
2024-08-29 13:21:52,493 INFO     ___FILE_ONLY___ ═
2024-08-29 13:21:52,493 INFO     ___FILE_ONLY___ ═
2024-08-29 13:21:52,493 INFO     ___FILE_ONLY___ ═
2024-08-29 13:21:52,493 INFO     ___FILE_ONLY___ ═
2024-08-29 13:21:52,493 INFO     ___FILE_ONLY___ ═
2024-08-29 13:21:52,493 INFO     ___FILE_ONLY___ ═
2024-08-29 13:21:52,493 INFO     ___FILE_ONLY___ ═
2024-08-29 13:21:52,493 INFO     ___FILE_ONLY___ ═
2024-08-29 13:21:52,493 INFO     ___FILE_ONLY___ ═
2024-08-29 13:21:52,494 INFO     ___FILE_ONLY___ ═
2024-08-29 13:21:52,494 INFO     ___FILE_ONLY___ ╝

2024-08-29 13:21:52,496 INFO     ___FILE_ONLY___ ╔════════════════════════════════════════════════════════════╗

2024-08-29 13:21:52,496 INFO     ___FILE_ONLY___ ╠═ Downloading: BigQuery Command Line Tool (Platform Spe... ═╣

2024-08-29 13:21:52,496 INFO     ___FILE_ONLY___ ╚
2024-08-29 13:21:52,499 DEBUG    urllib3.connectionpool Starting new HTTPS connection (1): dl.google.com:443
2024-08-29 13:21:52,562 DEBUG    urllib3.connectionpool https://dl.google.com:443 "GET /dl/cloudsdk/channels/rapid/components/google-cloud-sdk-bq-nix-20240106004423.tar.gz HTTP/1.1" 200 2026
2024-08-29 13:21:52,562 INFO     ___FILE_ONLY___ ════════════════════════════════════════════════════════════
2024-08-29 13:21:52,563 INFO     ___FILE_ONLY___ ╝

2024-08-29 13:21:52,565 INFO     ___FILE_ONLY___ ╔════════════════════════════════════════════════════════════╗

2024-08-29 13:21:52,565 INFO     ___FILE_ONLY___ ╠═ Downloading: Bundled Python 3.11                         ═╣

2024-08-29 13:21:52,565 INFO     ___FILE_ONLY___ ╚
2024-08-29 13:21:52,565 INFO     ___FILE_ONLY___ ════════════════════════════════════════════════════════════
2024-08-29 13:21:52,565 INFO     ___FILE_ONLY___ ╝

2024-08-29 13:21:52,567 INFO     ___FILE_ONLY___ ╔════════════════════════════════════════════════════════════╗

2024-08-29 13:21:52,567 INFO     ___FILE_ONLY___ ╠═ Downloading: Bundled Python 3.11 (Platform Specific)     ═╣

2024-08-29 13:21:52,567 INFO     ___FILE_ONLY___ ╚
2024-08-29 13:21:52,570 DEBUG    urllib3.connectionpool Starting new HTTPS connection (1): dl.google.com:443
2024-08-29 13:21:52,632 DEBUG    urllib3.connectionpool https://dl.google.com:443 "GET /dl/cloudsdk/channels/rapid/components/google-cloud-sdk-bundled-python3-unix-linux-x86_64-20240806142304.tar.gz HTTP/1.1" 200 77768547
2024-08-29 13:21:52,889 INFO     ___FILE_ONLY___ ═
2024-08-29 13:21:52,890 INFO     ___FILE_ONLY___ ═
2024-08-29 13:21:52,892 INFO     ___FILE_ONLY___ ═
2024-08-29 13:21:52,893 INFO     ___FILE_ONLY___ ═
2024-08-29 13:21:52,894 INFO     ___FILE_ONLY___ ═
2024-08-29 13:21:52,896 INFO     ___FILE_ONLY___ ═
2024-08-29 13:21:52,897 INFO     ___FILE_ONLY___ ═
2024-08-29 13:21:52,899 INFO     ___FILE_ONLY___ ═
2024-08-29 13:21:52,900 INFO     ___FILE_ONLY___ ═
2024-08-29 13:21:52,901 INFO     ___FILE_ONLY___ ═
2024-08-29 13:21:52,903 INFO     ___FILE_ONLY___ ═
2024-08-29 13:21:52,904 INFO     ___FILE_ONLY___ ═
2024-08-29 13:21:52,906 INFO     ___FILE_ONLY___ ═
2024-08-29 13:21:52,907 INFO     ___FILE_ONLY___ ═
2024-08-29 13:21:52,908 INFO     ___FILE_ONLY___ ═
2024-08-29 13:21:52,910 INFO     ___FILE_ONLY___ ═
2024-08-29 13:21:52,911 INFO     ___FILE_ONLY___ ═
2024-08-29 13:21:52,913 INFO     ___FILE_ONLY___ ═
2024-08-29 13:21:52,914 INFO     ___FILE_ONLY___ ═
2024-08-29 13:21:52,915 INFO     ___FILE_ONLY___ ═
2024-08-29 13:21:52,917 INFO     ___FILE_ONLY___ ═
2024-08-29 13:21:52,918 INFO     ___FILE_ONLY___ ═
2024-08-29 13:21:52,919 INFO     ___FILE_ONLY___ ═
2024-08-29 13:21:52,921 INFO     ___FILE_ONLY___ ═
2024-08-29 13:21:52,922 INFO     ___FILE_ONLY___ ═
2024-08-29 13:21:52,924 INFO     ___FILE_ONLY___ ═
2024-08-29 13:21:52,925 INFO     ___FILE_ONLY___ ═
2024-08-29 13:21:52,926 INFO     ___FILE_ONLY___ ═
2024-08-29 13:21:52,928 INFO     ___FILE_ONLY___ ═
2024-08-29 13:21:52,929 INFO     ___FILE_ONLY___ ═
2024-08-29 13:21:52,930 INFO     ___FILE_ONLY___ ═
2024-08-29 13:21:52,932 INFO     ___FILE_ONLY___ ═
2024-08-29 13:21:52,933 INFO     ___FILE_ONLY___ ═
2024-08-29 13:21:52,934 INFO     ___FILE_ONLY___ ═
2024-08-29 13:21:52,936 INFO     ___FILE_ONLY___ ═
2024-08-29 13:21:52,937 INFO     ___FILE_ONLY___ ═
2024-08-29 13:21:52,939 INFO     ___FILE_ONLY___ ═
2024-08-29 13:21:52,940 INFO     ___FILE_ONLY___ ═
2024-08-29 13:21:52,941 INFO     ___FILE_ONLY___ ═
2024-08-29 13:21:52,943 INFO     ___FILE_ONLY___ ═
2024-08-29 13:21:52,944 INFO     ___FILE_ONLY___ ═
2024-08-29 13:21:52,945 INFO     ___FILE_ONLY___ ═
2024-08-29 13:21:52,947 INFO     ___FILE_ONLY___ ═
2024-08-29 13:21:52,948 INFO     ___FILE_ONLY___ ═
2024-08-29 13:21:52,949 INFO     ___FILE_ONLY___ ═
2024-08-29 13:21:52,951 INFO     ___FILE_ONLY___ ═
2024-08-29 13:21:52,952 INFO     ___FILE_ONLY___ ═
2024-08-29 13:21:52,953 INFO     ___FILE_ONLY___ ═
2024-08-29 13:21:52,955 INFO     ___FILE_ONLY___ ═
2024-08-29 13:21:52,956 INFO     ___FILE_ONLY___ ═
2024-08-29 13:21:52,958 INFO     ___FILE_ONLY___ ═
2024-08-29 13:21:52,959 INFO     ___FILE_ONLY___ ═
2024-08-29 13:21:52,960 INFO     ___FILE_ONLY___ ═
2024-08-29 13:21:52,962 INFO     ___FILE_ONLY___ ═
2024-08-29 13:21:52,963 INFO     ___FILE_ONLY___ ═
2024-08-29 13:21:52,964 INFO     ___FILE_ONLY___ ═
2024-08-29 13:21:52,966 INFO     ___FILE_ONLY___ ═
2024-08-29 13:21:52,967 INFO     ___FILE_ONLY___ ═
2024-08-29 13:21:52,968 INFO     ___FILE_ONLY___ ═
2024-08-29 13:21:52,970 INFO     ___FILE_ONLY___ ═
2024-08-29 13:21:52,970 INFO     ___FILE_ONLY___ ╝

2024-08-29 13:21:52,972 INFO     ___FILE_ONLY___ ╔════════════════════════════════════════════════════════════╗

2024-08-29 13:21:52,972 INFO     ___FILE_ONLY___ ╠═ Downloading: Cloud Storage Command Line Tool             ═╣

2024-08-29 13:21:52,972 INFO     ___FILE_ONLY___ ╚
2024-08-29 13:21:52,981 DEBUG    urllib3.connectionpool Starting new HTTPS connection (1): dl.google.com:443
2024-08-29 13:21:53,050 DEBUG    urllib3.connectionpool https://dl.google.com:443 "GET /dl/cloudsdk/channels/rapid/components/google-cloud-sdk-gsutil-20240614142823.tar.gz HTTP/1.1" 200 11883175
2024-08-29 13:21:53,091 INFO     ___FILE_ONLY___ ═
2024-08-29 13:21:53,091 INFO     ___FILE_ONLY___ ═
2024-08-29 13:21:53,091 INFO     ___FILE_ONLY___ ═
2024-08-29 13:21:53,092 INFO     ___FILE_ONLY___ ═
2024-08-29 13:21:53,092 INFO     ___FILE_ONLY___ ═
2024-08-29 13:21:53,092 INFO     ___FILE_ONLY___ ═
2024-08-29 13:21:53,093 INFO     ___FILE_ONLY___ ═
2024-08-29 13:21:53,093 INFO     ___FILE_ONLY___ ═
2024-08-29 13:21:53,094 INFO     ___FILE_ONLY___ ═
2024-08-29 13:21:53,094 INFO     ___FILE_ONLY___ ═
2024-08-29 13:21:53,094 INFO     ___FILE_ONLY___ ═
2024-08-29 13:21:53,094 INFO     ___FILE_ONLY___ ═
2024-08-29 13:21:53,095 INFO     ___FILE_ONLY___ ═
2024-08-29 13:21:53,095 INFO     ___FILE_ONLY___ ═
2024-08-29 13:21:53,095 INFO     ___FILE_ONLY___ ═
2024-08-29 13:21:53,096 INFO     ___FILE_ONLY___ ═
2024-08-29 13:21:53,096 INFO     ___FILE_ONLY___ ═
2024-08-29 13:21:53,096 INFO     ___FILE_ONLY___ ═
2024-08-29 13:21:53,096 INFO     ___FILE_ONLY___ ═
2024-08-29 13:21:53,097 INFO     ___FILE_ONLY___ ═
2024-08-29 13:21:53,097 INFO     ___FILE_ONLY___ ═
2024-08-29 13:21:53,097 INFO     ___FILE_ONLY___ ═
2024-08-29 13:21:53,098 INFO     ___FILE_ONLY___ ═
2024-08-29 13:21:53,098 INFO     ___FILE_ONLY___ ═
2024-08-29 13:21:53,098 INFO     ___FILE_ONLY___ ═
2024-08-29 13:21:53,098 INFO     ___FILE_ONLY___ ═
2024-08-29 13:21:53,099 INFO     ___FILE_ONLY___ ═
2024-08-29 13:21:53,099 INFO     ___FILE_ONLY___ ═
2024-08-29 13:21:53,099 INFO     ___FILE_ONLY___ ═
2024-08-29 13:21:53,100 INFO     ___FILE_ONLY___ ═
2024-08-29 13:21:53,100 INFO     ___FILE_ONLY___ ═
2024-08-29 13:21:53,100 INFO     ___FILE_ONLY___ ═
2024-08-29 13:21:53,100 INFO     ___FILE_ONLY___ ═
2024-08-29 13:21:53,101 INFO     ___FILE_ONLY___ ═
2024-08-29 13:21:53,101 INFO     ___FILE_ONLY___ ═
2024-08-29 13:21:53,101 INFO     ___FILE_ONLY___ ═
2024-08-29 13:21:53,101 INFO     ___FILE_ONLY___ ═
2024-08-29 13:21:53,102 INFO     ___FILE_ONLY___ ═
2024-08-29 13:21:53,102 INFO     ___FILE_ONLY___ ═
2024-08-29 13:21:53,102 INFO     ___FILE_ONLY___ ═
2024-08-29 13:21:53,103 INFO     ___FILE_ONLY___ ═
2024-08-29 13:21:53,103 INFO     ___FILE_ONLY___ ═
2024-08-29 13:21:53,103 INFO     ___FILE_ONLY___ ═
2024-08-29 13:21:53,103 INFO     ___FILE_ONLY___ ═
2024-08-29 13:21:53,104 INFO     ___FILE_ONLY___ ═
2024-08-29 13:21:53,104 INFO     ___FILE_ONLY___ ═
2024-08-29 13:21:53,104 INFO     ___FILE_ONLY___ ═
2024-08-29 13:21:53,105 INFO     ___FILE_ONLY___ ═
2024-08-29 13:21:53,105 INFO     ___FILE_ONLY___ ═
2024-08-29 13:21:53,105 INFO     ___FILE_ONLY___ ═
2024-08-29 13:21:53,105 INFO     ___FILE_ONLY___ ═
2024-08-29 13:21:53,106 INFO     ___FILE_ONLY___ ═
2024-08-29 13:21:53,106 INFO     ___FILE_ONLY___ ═
2024-08-29 13:21:53,106 INFO     ___FILE_ONLY___ ═
2024-08-29 13:21:53,107 INFO     ___FILE_ONLY___ ═
2024-08-29 13:21:53,107 INFO     ___FILE_ONLY___ ═
2024-08-29 13:21:53,107 INFO     ___FILE_ONLY___ ═
2024-08-29 13:21:53,107 INFO     ___FILE_ONLY___ ═
2024-08-29 13:21:53,108 INFO     ___FILE_ONLY___ ═
2024-08-29 13:21:53,108 INFO     ___FILE_ONLY___ ═
2024-08-29 13:21:53,108 INFO     ___FILE_ONLY___ ╝

2024-08-29 13:21:53,110 INFO     ___FILE_ONLY___ ╔════════════════════════════════════════════════════════════╗

2024-08-29 13:21:53,110 INFO     ___FILE_ONLY___ ╠═ Downloading: Cloud Storage Command Line Tool (Platfor... ═╣

2024-08-29 13:21:53,111 INFO     ___FILE_ONLY___ ╚
2024-08-29 13:21:53,114 DEBUG    urllib3.connectionpool Starting new HTTPS connection (1): dl.google.com:443
2024-08-29 13:21:53,176 DEBUG    urllib3.connectionpool https://dl.google.com:443 "GET /dl/cloudsdk/channels/rapid/components/google-cloud-sdk-gsutil-nix-20240106004423.tar.gz HTTP/1.1" 200 2042
2024-08-29 13:21:53,177 INFO     ___FILE_ONLY___ ════════════════════════════════════════════════════════════
2024-08-29 13:21:53,177 INFO     ___FILE_ONLY___ ╝

2024-08-29 13:21:53,179 INFO     ___FILE_ONLY___ ╔════════════════════════════════════════════════════════════╗

2024-08-29 13:21:53,179 INFO     ___FILE_ONLY___ ╠═ Downloading: Default set of gcloud commands              ═╣

2024-08-29 13:21:53,179 INFO     ___FILE_ONLY___ ╚
2024-08-29 13:21:53,179 INFO     ___FILE_ONLY___ ════════════════════════════════════════════════════════════
2024-08-29 13:21:53,179 INFO     ___FILE_ONLY___ ╝

2024-08-29 13:21:53,181 INFO     ___FILE_ONLY___ ╔════════════════════════════════════════════════════════════╗

2024-08-29 13:21:53,181 INFO     ___FILE_ONLY___ ╠═ Downloading: Google Cloud CLI Core Libraries (Platfor... ═╣

2024-08-29 13:21:53,181 INFO     ___FILE_ONLY___ ╚
2024-08-29 13:21:53,185 DEBUG    urllib3.connectionpool Starting new HTTPS connection (1): dl.google.com:443
2024-08-29 13:21:53,248 DEBUG    urllib3.connectionpool https://dl.google.com:443 "GET /dl/cloudsdk/channels/rapid/components/google-cloud-sdk-core-nix-20240106004423.tar.gz HTTP/1.1" 200 2410
2024-08-29 13:21:53,249 INFO     ___FILE_ONLY___ ════════════════════════════════════════════════════════════
2024-08-29 13:21:53,249 INFO     ___FILE_ONLY___ ╝

2024-08-29 13:21:53,251 INFO     ___FILE_ONLY___ ╔════════════════════════════════════════════════════════════╗

2024-08-29 13:21:53,251 INFO     ___FILE_ONLY___ ╠═ Downloading: Google Cloud CRC32C Hash Tool               ═╣

2024-08-29 13:21:53,251 INFO     ___FILE_ONLY___ ╚
2024-08-29 13:21:53,251 INFO     ___FILE_ONLY___ ════════════════════════════════════════════════════════════
2024-08-29 13:21:53,251 INFO     ___FILE_ONLY___ ╝

2024-08-29 13:21:53,253 INFO     ___FILE_ONLY___ ╔════════════════════════════════════════════════════════════╗

2024-08-29 13:21:53,253 INFO     ___FILE_ONLY___ ╠═ Downloading: Google Cloud CRC32C Hash Tool (Platform ... ═╣

2024-08-29 13:21:53,253 INFO     ___FILE_ONLY___ ╚
2024-08-29 13:21:53,256 DEBUG    urllib3.connectionpool Starting new HTTPS connection (1): dl.google.com:443
2024-08-29 13:21:53,318 DEBUG    urllib3.connectionpool https://dl.google.com:443 "GET /dl/cloudsdk/channels/rapid/components/google-cloud-sdk-gcloud-crc32c-linux-x86_64-20240712142834.tar.gz HTTP/1.1" 200 1350263
2024-08-29 13:21:53,327 INFO     ___FILE_ONLY___ ═
2024-08-29 13:21:53,327 INFO     ___FILE_ONLY___ ═
2024-08-29 13:21:53,327 INFO     ___FILE_ONLY___ ═
2024-08-29 13:21:53,327 INFO     ___FILE_ONLY___ ═
2024-08-29 13:21:53,327 INFO     ___FILE_ONLY___ ═
2024-08-29 13:21:53,327 INFO     ___FILE_ONLY___ ═
2024-08-29 13:21:53,328 INFO     ___FILE_ONLY___ ═
2024-08-29 13:21:53,328 INFO     ___FILE_ONLY___ ═
2024-08-29 13:21:53,328 INFO     ___FILE_ONLY___ ═
2024-08-29 13:21:53,328 INFO     ___FILE_ONLY___ ═
2024-08-29 13:21:53,328 INFO     ___FILE_ONLY___ ═
2024-08-29 13:21:53,328 INFO     ___FILE_ONLY___ ═
2024-08-29 13:21:53,328 INFO     ___FILE_ONLY___ ═
2024-08-29 13:21:53,328 INFO     ___FILE_ONLY___ ═
2024-08-29 13:21:53,328 INFO     ___FILE_ONLY___ ═
2024-08-29 13:21:53,328 INFO     ___FILE_ONLY___ ═
2024-08-29 13:21:53,329 INFO     ___FILE_ONLY___ ═
2024-08-29 13:21:53,329 INFO     ___FILE_ONLY___ ═
2024-08-29 13:21:53,329 INFO     ___FILE_ONLY___ ═
2024-08-29 13:21:53,329 INFO     ___FILE_ONLY___ ═
2024-08-29 13:21:53,329 INFO     ___FILE_ONLY___ ═
2024-08-29 13:21:53,329 INFO     ___FILE_ONLY___ ═
2024-08-29 13:21:53,329 INFO     ___FILE_ONLY___ ═
2024-08-29 13:21:53,329 INFO     ___FILE_ONLY___ ═
2024-08-29 13:21:53,329 INFO     ___FILE_ONLY___ ═
2024-08-29 13:21:53,329 INFO     ___FILE_ONLY___ ═
2024-08-29 13:21:53,329 INFO     ___FILE_ONLY___ ═
2024-08-29 13:21:53,329 INFO     ___FILE_ONLY___ ═
2024-08-29 13:21:53,330 INFO     ___FILE_ONLY___ ═
2024-08-29 13:21:53,330 INFO     ___FILE_ONLY___ ═
2024-08-29 13:21:53,330 INFO     ___FILE_ONLY___ ═
2024-08-29 13:21:53,330 INFO     ___FILE_ONLY___ ═
2024-08-29 13:21:53,330 INFO     ___FILE_ONLY___ ═
2024-08-29 13:21:53,330 INFO     ___FILE_ONLY___ ═
2024-08-29 13:21:53,330 INFO     ___FILE_ONLY___ ═
2024-08-29 13:21:53,330 INFO     ___FILE_ONLY___ ═
2024-08-29 13:21:53,330 INFO     ___FILE_ONLY___ ═
2024-08-29 13:21:53,330 INFO     ___FILE_ONLY___ ═
2024-08-29 13:21:53,331 INFO     ___FILE_ONLY___ ═
2024-08-29 13:21:53,331 INFO     ___FILE_ONLY___ ═
2024-08-29 13:21:53,331 INFO     ___FILE_ONLY___ ═
2024-08-29 13:21:53,331 INFO     ___FILE_ONLY___ ═
2024-08-29 13:21:53,331 INFO     ___FILE_ONLY___ ═
2024-08-29 13:21:53,331 INFO     ___FILE_ONLY___ ═
2024-08-29 13:21:53,331 INFO     ___FILE_ONLY___ ═
2024-08-29 13:21:53,331 INFO     ___FILE_ONLY___ ═
2024-08-29 13:21:53,331 INFO     ___FILE_ONLY___ ═
2024-08-29 13:21:53,331 INFO     ___FILE_ONLY___ ═
2024-08-29 13:21:53,331 INFO     ___FILE_ONLY___ ═
2024-08-29 13:21:53,331 INFO     ___FILE_ONLY___ ═
2024-08-29 13:21:53,332 INFO     ___FILE_ONLY___ ═
2024-08-29 13:21:53,332 INFO     ___FILE_ONLY___ ═
2024-08-29 13:21:53,332 INFO     ___FILE_ONLY___ ═
2024-08-29 13:21:53,332 INFO     ___FILE_ONLY___ ═
2024-08-29 13:21:53,332 INFO     ___FILE_ONLY___ ═
2024-08-29 13:21:53,332 INFO     ___FILE_ONLY___ ═
2024-08-29 13:21:53,332 INFO     ___FILE_ONLY___ ═
2024-08-29 13:21:53,332 INFO     ___FILE_ONLY___ ═
2024-08-29 13:21:53,332 INFO     ___FILE_ONLY___ ═
2024-08-29 13:21:53,332 INFO     ___FILE_ONLY___ ═
2024-08-29 13:21:53,332 INFO     ___FILE_ONLY___ ╝

2024-08-29 13:21:53,335 INFO     ___FILE_ONLY___ ╔════════════════════════════════════════════════════════════╗

2024-08-29 13:21:53,335 INFO     ___FILE_ONLY___ ╠═ Downloading: gcloud cli dependencies (Platform Specific) ═╣

2024-08-29 13:21:53,335 INFO     ___FILE_ONLY___ ╚
2024-08-29 13:21:53,338 DEBUG    urllib3.connectionpool Starting new HTTPS connection (1): dl.google.com:443
2024-08-29 13:21:53,398 DEBUG    urllib3.connectionpool https://dl.google.com:443 "GET /dl/cloudsdk/channels/rapid/components/google-cloud-sdk-gcloud-deps-linux-x86_64-20210416153011.tar.gz HTTP/1.1" 200 104
2024-08-29 13:21:53,399 INFO     ___FILE_ONLY___ ════════════════════════════════════════════════════════════
2024-08-29 13:21:53,399 INFO     ___FILE_ONLY___ ╝

2024-08-29 13:21:53,401 INFO     ___FILE_ONLY___ ╔════════════════════════════════════════════════════════════╗

2024-08-29 13:21:53,401 INFO     ___FILE_ONLY___ ╠═ Installing: BigQuery Command Line Tool                   ═╣

2024-08-29 13:21:53,401 INFO     ___FILE_ONLY___ ╚
2024-08-29 13:21:53,525 INFO     ___FILE_ONLY___ ═
2024-08-29 13:21:53,528 INFO     ___FILE_ONLY___ ═
2024-08-29 13:21:53,531 INFO     ___FILE_ONLY___ ═
2024-08-29 13:21:53,533 INFO     ___FILE_ONLY___ ═
2024-08-29 13:21:53,536 INFO     ___FILE_ONLY___ ═
2024-08-29 13:21:53,538 INFO     ___FILE_ONLY___ ═
2024-08-29 13:21:53,540 INFO     ___FILE_ONLY___ ═
2024-08-29 13:21:53,543 INFO     ___FILE_ONLY___ ═
2024-08-29 13:21:53,545 INFO     ___FILE_ONLY___ ═
2024-08-29 13:21:53,547 INFO     ___FILE_ONLY___ ═
2024-08-29 13:21:53,549 INFO     ___FILE_ONLY___ ═
2024-08-29 13:21:53,552 INFO     ___FILE_ONLY___ ═
2024-08-29 13:21:53,554 INFO     ___FILE_ONLY___ ═
2024-08-29 13:21:53,556 INFO     ___FILE_ONLY___ ═
2024-08-29 13:21:53,559 INFO     ___FILE_ONLY___ ═
2024-08-29 13:21:53,561 INFO     ___FILE_ONLY___ ═
2024-08-29 13:21:53,563 INFO     ___FILE_ONLY___ ═
2024-08-29 13:21:53,567 INFO     ___FILE_ONLY___ ═
2024-08-29 13:21:53,569 INFO     ___FILE_ONLY___ ═
2024-08-29 13:21:53,571 INFO     ___FILE_ONLY___ ═
2024-08-29 13:21:53,574 INFO     ___FILE_ONLY___ ═
2024-08-29 13:21:53,575 INFO     ___FILE_ONLY___ ═
2024-08-29 13:21:53,577 INFO     ___FILE_ONLY___ ═
2024-08-29 13:21:53,579 INFO     ___FILE_ONLY___ ═
2024-08-29 13:21:53,581 INFO     ___FILE_ONLY___ ═
2024-08-29 13:21:53,584 INFO     ___FILE_ONLY___ ═
2024-08-29 13:21:53,586 INFO     ___FILE_ONLY___ ═
2024-08-29 13:21:53,590 INFO     ___FILE_ONLY___ ═
2024-08-29 13:21:53,591 INFO     ___FILE_ONLY___ ═
2024-08-29 13:21:53,594 INFO     ___FILE_ONLY___ ═
2024-08-29 13:21:53,596 INFO     ___FILE_ONLY___ ═
2024-08-29 13:21:53,599 INFO     ___FILE_ONLY___ ═
2024-08-29 13:21:53,602 INFO     ___FILE_ONLY___ ═
2024-08-29 13:21:53,606 INFO     ___FILE_ONLY___ ═
2024-08-29 13:21:53,614 INFO     ___FILE_ONLY___ ═
2024-08-29 13:21:53,616 INFO     ___FILE_ONLY___ ═
2024-08-29 13:21:53,619 INFO     ___FILE_ONLY___ ═
2024-08-29 13:21:53,624 INFO     ___FILE_ONLY___ ═
2024-08-29 13:21:53,626 INFO     ___FILE_ONLY___ ═
2024-08-29 13:21:53,628 INFO     ___FILE_ONLY___ ═
2024-08-29 13:21:53,631 INFO     ___FILE_ONLY___ ═
2024-08-29 13:21:53,634 INFO     ___FILE_ONLY___ ═
2024-08-29 13:21:53,637 INFO     ___FILE_ONLY___ ═
2024-08-29 13:21:53,640 INFO     ___FILE_ONLY___ ═
2024-08-29 13:21:53,642 INFO     ___FILE_ONLY___ ═
2024-08-29 13:21:53,644 INFO     ___FILE_ONLY___ ═
2024-08-29 13:21:53,646 INFO     ___FILE_ONLY___ ═
2024-08-29 13:21:53,648 INFO     ___FILE_ONLY___ ═
2024-08-29 13:21:53,651 INFO     ___FILE_ONLY___ ═
2024-08-29 13:21:53,653 INFO     ___FILE_ONLY___ ═
2024-08-29 13:21:53,655 INFO     ___FILE_ONLY___ ═
2024-08-29 13:21:53,657 INFO     ___FILE_ONLY___ ═
2024-08-29 13:21:53,659 INFO     ___FILE_ONLY___ ═
2024-08-29 13:21:53,661 INFO     ___FILE_ONLY___ ═
2024-08-29 13:21:53,664 INFO     ___FILE_ONLY___ ═
2024-08-29 13:21:53,665 INFO     ___FILE_ONLY___ ═
2024-08-29 13:21:53,667 INFO     ___FILE_ONLY___ ═
2024-08-29 13:21:53,670 INFO     ___FILE_ONLY___ ═
2024-08-29 13:21:53,672 INFO     ___FILE_ONLY___ ═
2024-08-29 13:21:53,674 INFO     ___FILE_ONLY___ ═
2024-08-29 13:21:53,675 INFO     ___FILE_ONLY___ ╝

2024-08-29 13:21:53,687 INFO     ___FILE_ONLY___ ╔════════════════════════════════════════════════════════════╗

2024-08-29 13:21:53,687 INFO     ___FILE_ONLY___ ╠═ Installing: BigQuery Command Line Tool (Platform Spec... ═╣

2024-08-29 13:21:53,687 INFO     ___FILE_ONLY___ ╚
2024-08-29 13:21:53,688 INFO     ___FILE_ONLY___ ════════════════════════════════════════════════════════════
2024-08-29 13:21:53,688 INFO     ___FILE_ONLY___ ╝

2024-08-29 13:21:53,695 INFO     ___FILE_ONLY___ ╔════════════════════════════════════════════════════════════╗

2024-08-29 13:21:53,695 INFO     ___FILE_ONLY___ ╠═ Installing: Bundled Python 3.11                          ═╣

2024-08-29 13:21:53,695 INFO     ___FILE_ONLY___ ╚
2024-08-29 13:21:53,700 INFO     ___FILE_ONLY___ ════════════════════════════════════════════════════════════
2024-08-29 13:21:53,700 INFO     ___FILE_ONLY___ ╝

2024-08-29 13:21:53,702 INFO     ___FILE_ONLY___ ╔════════════════════════════════════════════════════════════╗

2024-08-29 13:21:53,702 INFO     ___FILE_ONLY___ ╠═ Installing: Bundled Python 3.11 (Platform Specific)      ═╣

2024-08-29 13:21:53,702 INFO     ___FILE_ONLY___ ╚
2024-08-29 13:21:55,881 INFO     ___FILE_ONLY___ ═
2024-08-29 13:21:55,893 INFO     ___FILE_ONLY___ ═
2024-08-29 13:21:55,905 INFO     ___FILE_ONLY___ ═
2024-08-29 13:21:55,917 INFO     ___FILE_ONLY___ ═
2024-08-29 13:21:55,930 INFO     ___FILE_ONLY___ ═
2024-08-29 13:21:55,945 INFO     ___FILE_ONLY___ ═
2024-08-29 13:21:55,959 INFO     ___FILE_ONLY___ ═
2024-08-29 13:21:55,973 INFO     ___FILE_ONLY___ ═
2024-08-29 13:21:55,985 INFO     ___FILE_ONLY___ ═
2024-08-29 13:21:55,999 INFO     ___FILE_ONLY___ ═
2024-08-29 13:21:56,011 INFO     ___FILE_ONLY___ ═
2024-08-29 13:21:56,024 INFO     ___FILE_ONLY___ ═
2024-08-29 13:21:56,036 INFO     ___FILE_ONLY___ ═
2024-08-29 13:21:56,047 INFO     ___FILE_ONLY___ ═
2024-08-29 13:21:56,060 INFO     ___FILE_ONLY___ ═
2024-08-29 13:21:56,072 INFO     ___FILE_ONLY___ ═
2024-08-29 13:21:56,084 INFO     ___FILE_ONLY___ ═
2024-08-29 13:21:56,099 INFO     ___FILE_ONLY___ ═
2024-08-29 13:21:56,111 INFO     ___FILE_ONLY___ ═
2024-08-29 13:21:56,123 INFO     ___FILE_ONLY___ ═
2024-08-29 13:21:56,135 INFO     ___FILE_ONLY___ ═
2024-08-29 13:21:56,149 INFO     ___FILE_ONLY___ ═
2024-08-29 13:21:56,163 INFO     ___FILE_ONLY___ ═
2024-08-29 13:21:56,177 INFO     ___FILE_ONLY___ ═
2024-08-29 13:21:56,189 INFO     ___FILE_ONLY___ ═
2024-08-29 13:21:56,201 INFO     ___FILE_ONLY___ ═
2024-08-29 13:21:56,213 INFO     ___FILE_ONLY___ ═
2024-08-29 13:21:56,225 INFO     ___FILE_ONLY___ ═
2024-08-29 13:21:56,238 INFO     ___FILE_ONLY___ ═
2024-08-29 13:21:56,253 INFO     ___FILE_ONLY___ ═
2024-08-29 13:21:56,265 INFO     ___FILE_ONLY___ ═
2024-08-29 13:21:56,277 INFO     ___FILE_ONLY___ ═
2024-08-29 13:21:56,291 INFO     ___FILE_ONLY___ ═
2024-08-29 13:21:56,304 INFO     ___FILE_ONLY___ ═
2024-08-29 13:21:56,670 INFO     ___FILE_ONLY___ ═
2024-08-29 13:21:56,693 INFO     ___FILE_ONLY___ ═
2024-08-29 13:21:56,709 INFO     ___FILE_ONLY___ ═
2024-08-29 13:21:56,726 INFO     ___FILE_ONLY___ ═
2024-08-29 13:21:56,747 INFO     ___FILE_ONLY___ ═
2024-08-29 13:21:56,776 INFO     ___FILE_ONLY___ ═
2024-08-29 13:21:56,797 INFO     ___FILE_ONLY___ ═
2024-08-29 13:21:56,817 INFO     ___FILE_ONLY___ ═
2024-08-29 13:21:56,953 INFO     ___FILE_ONLY___ ═
2024-08-29 13:21:56,971 INFO     ___FILE_ONLY___ ═
2024-08-29 13:21:57,058 INFO     ___FILE_ONLY___ ═
2024-08-29 13:21:57,076 INFO     ___FILE_ONLY___ ═
2024-08-29 13:21:57,096 INFO     ___FILE_ONLY___ ═
2024-08-29 13:21:57,116 INFO     ___FILE_ONLY___ ═
2024-08-29 13:21:57,134 INFO     ___FILE_ONLY___ ═
2024-08-29 13:21:57,157 INFO     ___FILE_ONLY___ ═
2024-08-29 13:21:57,182 INFO     ___FILE_ONLY___ ═
2024-08-29 13:21:57,224 INFO     ___FILE_ONLY___ ═
2024-08-29 13:21:57,242 INFO     ___FILE_ONLY___ ═
2024-08-29 13:21:57,260 INFO     ___FILE_ONLY___ ═
2024-08-29 13:21:57,282 INFO     ___FILE_ONLY___ ═
2024-08-29 13:21:57,305 INFO     ___FILE_ONLY___ ═
2024-08-29 13:21:57,333 INFO     ___FILE_ONLY___ ═
2024-08-29 13:21:58,417 INFO     ___FILE_ONLY___ ═
2024-08-29 13:21:58,439 INFO     ___FILE_ONLY___ ═
2024-08-29 13:21:58,458 INFO     ___FILE_ONLY___ ═
2024-08-29 13:21:58,458 INFO     ___FILE_ONLY___ ╝

2024-08-29 13:21:58,536 INFO     ___FILE_ONLY___ ╔════════════════════════════════════════════════════════════╗

2024-08-29 13:21:58,536 INFO     ___FILE_ONLY___ ╠═ Installing: Cloud Storage Command Line Tool              ═╣

2024-08-29 13:21:58,536 INFO     ___FILE_ONLY___ ╚
2024-08-29 13:21:59,214 INFO     ___FILE_ONLY___ ═
2024-08-29 13:21:59,226 INFO     ___FILE_ONLY___ ═
2024-08-29 13:21:59,239 INFO     ___FILE_ONLY___ ═
2024-08-29 13:21:59,258 INFO     ___FILE_ONLY___ ═
2024-08-29 13:21:59,274 INFO     ___FILE_ONLY___ ═
2024-08-29 13:21:59,290 INFO     ___FILE_ONLY___ ═
2024-08-29 13:21:59,311 INFO     ___FILE_ONLY___ ═
2024-08-29 13:21:59,333 INFO     ___FILE_ONLY___ ═
2024-08-29 13:21:59,346 INFO     ___FILE_ONLY___ ═
2024-08-29 13:21:59,360 INFO     ___FILE_ONLY___ ═
2024-08-29 13:21:59,372 INFO     ___FILE_ONLY___ ═
2024-08-29 13:21:59,415 INFO     ___FILE_ONLY___ ═
2024-08-29 13:21:59,426 INFO     ___FILE_ONLY___ ═
2024-08-29 13:21:59,439 INFO     ___FILE_ONLY___ ═
2024-08-29 13:21:59,451 INFO     ___FILE_ONLY___ ═
2024-08-29 13:21:59,461 INFO     ___FILE_ONLY___ ═
2024-08-29 13:21:59,471 INFO     ___FILE_ONLY___ ═
2024-08-29 13:21:59,482 INFO     ___FILE_ONLY___ ═
2024-08-29 13:21:59,491 INFO     ___FILE_ONLY___ ═
2024-08-29 13:21:59,503 INFO     ___FILE_ONLY___ ═
2024-08-29 13:21:59,513 INFO     ___FILE_ONLY___ ═
2024-08-29 13:21:59,522 INFO     ___FILE_ONLY___ ═
2024-08-29 13:21:59,532 INFO     ___FILE_ONLY___ ═
2024-08-29 13:21:59,545 INFO     ___FILE_ONLY___ ═
2024-08-29 13:21:59,559 INFO     ___FILE_ONLY___ ═
2024-08-29 13:21:59,573 INFO     ___FILE_ONLY___ ═
2024-08-29 13:21:59,587 INFO     ___FILE_ONLY___ ═
2024-08-29 13:21:59,599 INFO     ___FILE_ONLY___ ═
2024-08-29 13:21:59,611 INFO     ___FILE_ONLY___ ═
2024-08-29 13:21:59,629 INFO     ___FILE_ONLY___ ═
2024-08-29 13:21:59,640 INFO     ___FILE_ONLY___ ═
2024-08-29 13:21:59,653 INFO     ___FILE_ONLY___ ═
2024-08-29 13:21:59,662 INFO     ___FILE_ONLY___ ═
2024-08-29 13:21:59,678 INFO     ___FILE_ONLY___ ═
2024-08-29 13:21:59,688 INFO     ___FILE_ONLY___ ═
2024-08-29 13:21:59,699 INFO     ___FILE_ONLY___ ═
2024-08-29 13:21:59,714 INFO     ___FILE_ONLY___ ═
2024-08-29 13:21:59,729 INFO     ___FILE_ONLY___ ═
2024-08-29 13:21:59,743 INFO     ___FILE_ONLY___ ═
2024-08-29 13:21:59,761 INFO     ___FILE_ONLY___ ═
2024-08-29 13:21:59,774 INFO     ___FILE_ONLY___ ═
2024-08-29 13:21:59,785 INFO     ___FILE_ONLY___ ═
2024-08-29 13:21:59,796 INFO     ___FILE_ONLY___ ═
2024-08-29 13:21:59,810 INFO     ___FILE_ONLY___ ═
2024-08-29 13:21:59,824 INFO     ___FILE_ONLY___ ═
2024-08-29 13:21:59,838 INFO     ___FILE_ONLY___ ═
2024-08-29 13:21:59,853 INFO     ___FILE_ONLY___ ═
2024-08-29 13:21:59,864 INFO     ___FILE_ONLY___ ═
2024-08-29 13:21:59,879 INFO     ___FILE_ONLY___ ═
2024-08-29 13:21:59,891 INFO     ___FILE_ONLY___ ═
2024-08-29 13:21:59,901 INFO     ___FILE_ONLY___ ═
2024-08-29 13:21:59,912 INFO     ___FILE_ONLY___ ═
2024-08-29 13:21:59,924 INFO     ___FILE_ONLY___ ═
2024-08-29 13:21:59,934 INFO     ___FILE_ONLY___ ═
2024-08-29 13:21:59,944 INFO     ___FILE_ONLY___ ═
2024-08-29 13:21:59,954 INFO     ___FILE_ONLY___ ═
2024-08-29 13:21:59,963 INFO     ___FILE_ONLY___ ═
2024-08-29 13:21:59,984 INFO     ___FILE_ONLY___ ═
2024-08-29 13:22:00,000 INFO     ___FILE_ONLY___ ═
2024-08-29 13:22:00,017 INFO     ___FILE_ONLY___ ═
2024-08-29 13:22:00,018 INFO     ___FILE_ONLY___ ╝

2024-08-29 13:22:00,070 INFO     ___FILE_ONLY___ ╔════════════════════════════════════════════════════════════╗

2024-08-29 13:22:00,070 INFO     ___FILE_ONLY___ ╠═ Installing: Cloud Storage Command Line Tool (Platform... ═╣

2024-08-29 13:22:00,070 INFO     ___FILE_ONLY___ ╚
2024-08-29 13:22:00,071 INFO     ___FILE_ONLY___ ════════════════════════════════════════════════════════════
2024-08-29 13:22:00,071 INFO     ___FILE_ONLY___ ╝

2024-08-29 13:22:00,078 INFO     ___FILE_ONLY___ ╔════════════════════════════════════════════════════════════╗

2024-08-29 13:22:00,078 INFO     ___FILE_ONLY___ ╠═ Installing: Default set of gcloud commands               ═╣

2024-08-29 13:22:00,078 INFO     ___FILE_ONLY___ ╚
2024-08-29 13:22:00,082 INFO     ___FILE_ONLY___ ════════════════════════════════════════════════════════════
2024-08-29 13:22:00,082 INFO     ___FILE_ONLY___ ╝

2024-08-29 13:22:00,084 INFO     ___FILE_ONLY___ ╔════════════════════════════════════════════════════════════╗

2024-08-29 13:22:00,084 INFO     ___FILE_ONLY___ ╠═ Installing: Google Cloud CLI Core Libraries (Platform... ═╣

2024-08-29 13:22:00,084 INFO     ___FILE_ONLY___ ╚
2024-08-29 13:22:00,085 INFO     ___FILE_ONLY___ ══════════════════════════════
2024-08-29 13:22:00,086 INFO     ___FILE_ONLY___ ══════════════════════════════
2024-08-29 13:22:00,086 INFO     ___FILE_ONLY___ ╝

2024-08-29 13:22:00,092 INFO     ___FILE_ONLY___ ╔════════════════════════════════════════════════════════════╗

2024-08-29 13:22:00,092 INFO     ___FILE_ONLY___ ╠═ Installing: Google Cloud CRC32C Hash Tool                ═╣

2024-08-29 13:22:00,092 INFO     ___FILE_ONLY___ ╚
2024-08-29 13:22:00,097 INFO     ___FILE_ONLY___ ════════════════════════════════════════════════════════════
2024-08-29 13:22:00,097 INFO     ___FILE_ONLY___ ╝

2024-08-29 13:22:00,099 INFO     ___FILE_ONLY___ ╔════════════════════════════════════════════════════════════╗

2024-08-29 13:22:00,099 INFO     ___FILE_ONLY___ ╠═ Installing: Google Cloud CRC32C Hash Tool (Platform S... ═╣

2024-08-29 13:22:00,099 INFO     ___FILE_ONLY___ ╚
2024-08-29 13:22:00,134 INFO     ___FILE_ONLY___ ══════════════════════════════
2024-08-29 13:22:00,135 INFO     ___FILE_ONLY___ ══════════════════════════════
2024-08-29 13:22:00,135 INFO     ___FILE_ONLY___ ╝

2024-08-29 13:22:00,142 INFO     ___FILE_ONLY___ ╔════════════════════════════════════════════════════════════╗

2024-08-29 13:22:00,142 INFO     ___FILE_ONLY___ ╠═ Installing: gcloud cli dependencies (Platform Specific)  ═╣

2024-08-29 13:22:00,142 INFO     ___FILE_ONLY___ ╚
2024-08-29 13:22:00,142 INFO     ___FILE_ONLY___ ════════════════════════════════════════════════════════════
2024-08-29 13:22:00,142 INFO     ___FILE_ONLY___ ╝

2024-08-29 13:22:00,150 DEBUG    root            Updating notification cache...
2024-08-29 13:22:00,150 INFO     ___FILE_ONLY___ 

2024-08-29 13:22:00,152 INFO     ___FILE_ONLY___ Performing post processing steps...
2024-08-29 13:22:00,153 DEBUG    root            Executing command: ['/tools/google-cloud-sdk/bin/gcloud', 'components', 'post-process']
2024-08-29 13:22:10,384 DEBUG    ___FILE_ONLY___ 
2024-08-29 13:22:10,385 DEBUG    ___FILE_ONLY___ 
2024-08-29 13:22:10,441 INFO     ___FILE_ONLY___ 
Update done!


2024-08-29 13:22:10,444 DEBUG    root            Chosen display Format:none
2024-08-29 13:22:10,444 INFO     root            Display format: "none"
